
2025/03/19 (21:56:16) | ===> btop++ v.1.4.0
2025/03/19 (21:56:16) | WARNING: Intel GPU: Failed to initialize PMU

2025/03/21 (20:49:47) | ===> btop++ v.1.4.0
2025/03/21 (20:49:47) | WARNING: Intel GPU: Failed to initialize PMU

2025/03/24 (21:52:48) | ===> btop++ v.1.4.0
2025/03/24 (21:52:48) | WARNING: Intel GPU: Failed to initialize PMU

2025/04/10 (21:07:38) | ===> btop++ v.1.4.0
2025/04/10 (21:07:38) | WARNING: Intel GPU: Failed to initialize PMU

2025/04/10 (21:07:51) | ===> btop++ v.1.4.0
2025/04/10 (21:07:51) | WARNING: Intel GPU: Failed to initialize PMU
2025/04/10 (21:10:14) | WARNING: Failed to join _runner thread on exit!
2025/04/10 (21:10:31) | WARNING: Failed to join _runner thread on exit!

2025/04/14 (22:53:18) | ===> btop++ v.1.4.0
2025/04/14 (22:53:18) | WARNING: Intel GPU: Failed to initialize PMU

2025/04/15 (21:39:05) | ===> btop++ v.1.4.0
2025/04/15 (21:39:05) | ERROR: No tty detected!
btop++ needs an interactive shell to run.

2025/04/15 (21:39:12) | ===> btop++ v.1.4.0
2025/04/15 (21:39:12) | ERROR: No tty detected!
btop++ needs an interactive shell to run.

2025/04/15 (21:39:27) | ===> btop++ v.1.4.0
2025/04/15 (21:39:27) | ERROR: No tty detected!
btop++ needs an interactive shell to run.

2025/04/15 (21:39:29) | ===> btop++ v.1.4.0
2025/04/15 (21:39:29) | ERROR: No tty detected!
btop++ needs an interactive shell to run.

2025/04/15 (21:39:35) | ===> btop++ v.1.4.0
2025/04/15 (21:39:35) | ERROR: No tty detected!
btop++ needs an interactive shell to run.

2025/04/15 (21:42:00) | ===> btop++ v.1.4.0
2025/04/15 (21:42:00) | ERROR: No tty detected!
btop++ needs an interactive shell to run.

2025/04/15 (21:43:56) | ===> btop++ v.1.4.0
2025/04/15 (21:43:56) | WARNING: Intel GPU: Failed to initialize PMU

2025/04/15 (21:49:44) | ===> btop++ v.1.4.0
2025/04/15 (21:49:44) | ERROR: No tty detected!
btop++ needs an interactive shell to run.

2025/04/15 (21:49:47) | ===> btop++ v.1.4.0
2025/04/15 (21:49:47) | ERROR: No tty detected!
btop++ needs an interactive shell to run.

2025/04/15 (21:49:48) | ===> btop++ v.1.4.0
2025/04/15 (21:49:48) | ERROR: No tty detected!
btop++ needs an interactive shell to run.

2025/04/15 (21:49:48) | ===> btop++ v.1.4.0
2025/04/15 (21:49:48) | ERROR: No tty detected!
btop++ needs an interactive shell to run.

2025/04/15 (21:49:48) | ===> btop++ v.1.4.0
2025/04/15 (21:49:48) | ERROR: No tty detected!
btop++ needs an interactive shell to run.

2025/04/15 (21:49:56) | ===> btop++ v.1.4.0
2025/04/15 (21:49:56) | ERROR: No tty detected!
btop++ needs an interactive shell to run.

2025/04/15 (23:50:11) | ===> btop++ v.1.4.0
2025/04/15 (23:50:11) | WARNING: Intel GPU: Failed to initialize PMU

2025/04/16 (17:45:54) | ===> btop++ v.1.4.0
2025/04/16 (17:45:54) | WARNING: Intel GPU: Failed to initialize PMU

2025/04/16 (20:04:13) | ===> btop++ v.1.4.0
2025/04/16 (20:04:13) | WARNING: Intel GPU: Failed to initialize PMU

2025/04/16 (20:49:14) | ===> btop++ v.1.4.0
2025/04/16 (20:49:14) | WARNING: Intel GPU: Failed to initialize PMU

2025/04/21 (21:40:08) | ===> btop++ v.1.4.0
2025/04/21 (21:40:08) | WARNING: Intel GPU: Failed to initialize PMU
